0 info it worked if it ends with ok
1 verbose cli [ '/usr/local/bin/node',
1 verbose cli   '/usr/local/bin/npm',
1 verbose cli   'run',
1 verbose cli   'webpack:server' ]
2 info using npm@3.5.3
3 info using node@v5.0.0
4 verbose run-script [ 'prewebpack:server', 'webpack:server', 'postwebpack:server' ]
5 info lifecycle project@1.0.0~prewebpack:server: project@1.0.0
6 silly lifecycle project@1.0.0~prewebpack:server: no script for prewebpack:server, continuing
7 info lifecycle project@1.0.0~webpack:server: project@1.0.0
8 verbose lifecycle project@1.0.0~webpack:server: unsafe-perm in lifecycle true
9 verbose lifecycle project@1.0.0~webpack:server: PATH: /usr/local/lib/node_modules/npm/bin/node-gyp-bin:/Users/RyanYu/Desktop/gulp-webpack-react/node_modules/.bin:/usr/local/lib/node_modules/npm/bin/node-gyp-bin:/Users/RyanYu/Desktop/gulp-webpack-react/node_modules/.bin:/Users/RyanYu/bin:/usr/local/bin:/usr/local/bin:/usr/bin:/bin:/usr/sbin:/sbin:/opt/X11/bin
10 verbose lifecycle project@1.0.0~webpack:server: CWD: /Users/RyanYu/Desktop/gulp-webpack-react
11 silly lifecycle project@1.0.0~webpack:server: Args: [ '-c', 'webpack-dev-server --inline --hot' ]
12 silly lifecycle project@1.0.0~webpack:server: Returned: code: 1  signal: null
13 info lifecycle project@1.0.0~webpack:server: Failed to exec webpack:server script
14 verbose stack Error: project@1.0.0 webpack:server: `webpack-dev-server --inline --hot`
14 verbose stack Exit status 1
14 verbose stack     at EventEmitter.<anonymous> (/usr/local/lib/node_modules/npm/lib/utils/lifecycle.js:232:16)
14 verbose stack     at emitTwo (events.js:87:13)
14 verbose stack     at EventEmitter.emit (events.js:172:7)
14 verbose stack     at ChildProcess.<anonymous> (/usr/local/lib/node_modules/npm/lib/utils/spawn.js:24:14)
14 verbose stack     at emitTwo (events.js:87:13)
14 verbose stack     at ChildProcess.emit (events.js:172:7)
14 verbose stack     at maybeClose (internal/child_process.js:818:16)
14 verbose stack     at Process.ChildProcess._handle.onexit (internal/child_process.js:211:5)
15 verbose pkgid project@1.0.0
16 verbose cwd /Users/RyanYu/Desktop/gulp-webpack-react
17 error Darwin 15.3.0
18 error argv "/usr/local/bin/node" "/usr/local/bin/npm" "run" "webpack:server"
19 error node v5.0.0
20 error npm  v3.5.3
21 error code ELIFECYCLE
22 error project@1.0.0 webpack:server: `webpack-dev-server --inline --hot`
22 error Exit status 1
23 error Failed at the project@1.0.0 webpack:server script 'webpack-dev-server --inline --hot'.
23 error Make sure you have the latest version of node.js and npm installed.
23 error If you do, this is most likely a problem with the project package,
23 error not with npm itself.
23 error Tell the author that this fails on your system:
23 error     webpack-dev-server --inline --hot
23 error You can get information on how to open an issue for this project with:
23 error     npm bugs project
23 error Or if that isn't available, you can get their info via:
23 error     npm owner ls project
23 error There is likely additional logging output above.
24 verbose exit [ 1, true ]
